2025-06-30 11:53:39,949 ERROR 25523 [-/127.0.0.1/-/0ms GET /] nodejs.Error: options.uri is a required argument
    at Request.init (/Users/flashcat/JavaScript/eggjs1/node_modules/request/request.js:231:31)
    at new Request (/Users/flashcat/JavaScript/eggjs1/node_modules/request/request.js:127:8)
    at request (/Users/flashcat/JavaScript/eggjs1/node_modules/request/index.js:53:10)
    at Promise (/Users/flashcat/JavaScript/eggjs1/app/service/request.ts:5:5)
    at new Promise (<anonymous>)
    at default_1 (/Users/flashcat/JavaScript/eggjs1/app/service/request.ts:4:10)
    at getExports (/Users/flashcat/JavaScript/eggjs1/node_modules/egg-core/lib/loader/file_loader.js:220:15)
    at ContextLoader.parse (/Users/flashcat/JavaScript/eggjs1/node_modules/egg-core/lib/loader/file_loader.js:158:25)
    at ContextLoader.load (/Users/flashcat/JavaScript/eggjs1/node_modules/egg-core/lib/loader/file_loader.js:67:24)
    at AppWorkerLoader.loadToContext (/Users/flashcat/JavaScript/eggjs1/node_modules/egg-core/lib/loader/egg_loader.js:419:28)

pid: 25523
hostname: kuaimaopaodeMBP.lan

2025-06-30 11:54:52,282 ERROR 25557 [-/127.0.0.1/-/0ms GET /] nodejs.Error: options.uri is a required argument
    at Request.init (/Users/flashcat/JavaScript/eggjs1/node_modules/request/request.js:231:31)
    at new Request (/Users/flashcat/JavaScript/eggjs1/node_modules/request/request.js:127:8)
    at request (/Users/flashcat/JavaScript/eggjs1/node_modules/request/index.js:53:10)
    at Promise (/Users/flashcat/JavaScript/eggjs1/app/service/request.ts:5:5)
    at new Promise (<anonymous>)
    at default_1 (/Users/flashcat/JavaScript/eggjs1/app/service/request.ts:4:10)
    at getExports (/Users/flashcat/JavaScript/eggjs1/node_modules/egg-core/lib/loader/file_loader.js:220:15)
    at ContextLoader.parse (/Users/flashcat/JavaScript/eggjs1/node_modules/egg-core/lib/loader/file_loader.js:158:25)
    at ContextLoader.load (/Users/flashcat/JavaScript/eggjs1/node_modules/egg-core/lib/loader/file_loader.js:67:24)
    at AppWorkerLoader.loadToContext (/Users/flashcat/JavaScript/eggjs1/node_modules/egg-core/lib/loader/egg_loader.js:419:28)

pid: 25557
hostname: kuaimaopaodeMBP.lan

2025-06-30 11:55:20,804 ERROR 25623 [-/127.0.0.1/-/0ms GET /] nodejs.Error: options.uri is a required argument
    at Request.init (/Users/flashcat/JavaScript/eggjs1/node_modules/request/request.js:231:31)
    at new Request (/Users/flashcat/JavaScript/eggjs1/node_modules/request/request.js:127:8)
    at request (/Users/flashcat/JavaScript/eggjs1/node_modules/request/index.js:53:10)
    at Promise (/Users/flashcat/JavaScript/eggjs1/app/service/request.ts:5:5)
    at new Promise (<anonymous>)
    at default_1 (/Users/flashcat/JavaScript/eggjs1/app/service/request.ts:4:10)
    at getExports (/Users/flashcat/JavaScript/eggjs1/node_modules/egg-core/lib/loader/file_loader.js:220:15)
    at ContextLoader.parse (/Users/flashcat/JavaScript/eggjs1/node_modules/egg-core/lib/loader/file_loader.js:158:25)
    at ContextLoader.load (/Users/flashcat/JavaScript/eggjs1/node_modules/egg-core/lib/loader/file_loader.js:67:24)
    at AppWorkerLoader.loadToContext (/Users/flashcat/JavaScript/eggjs1/node_modules/egg-core/lib/loader/egg_loader.js:419:28)

pid: 25623
hostname: kuaimaopaodeMBP.lan

2025-06-30 11:56:20,334 INFO 25623 [-/127.0.0.1/-/33ms POST /api/users] Request started { path: '/api/users', method: 'POST', traceId: '', spanId: '' }
2025-06-30 11:56:20,347 INFO 25623 [-/127.0.0.1/-/47ms POST /api/users] 创建新用户，数据: {"name":"张三","email":"zhangsan@example.com"}
2025-06-30 11:56:20,450 INFO 25623 [-/127.0.0.1/-/150ms POST /api/users] 用户创建成功，ID: 1751255780348
2025-06-30 11:56:20,455 INFO 25623 [-/127.0.0.1/-/153ms POST /api/users] Request ended { path: '/api/users',
  method: 'POST',
  status: 201,
  traceId: '',
  spanId: '' }
2025-06-30 12:00:58,626 ERROR 25738 [-/127.0.0.1/-/1ms GET /] nodejs.Error: options.uri is a required argument
    at Request.init (/Users/flashcat/JavaScript/eggjs1/node_modules/request/request.js:231:31)
    at new Request (/Users/flashcat/JavaScript/eggjs1/node_modules/request/request.js:127:8)
    at request (/Users/flashcat/JavaScript/eggjs1/node_modules/request/index.js:53:10)
    at Promise (/Users/flashcat/JavaScript/eggjs1/app/service/request.ts:5:5)
    at new Promise (<anonymous>)
    at default_1 (/Users/flashcat/JavaScript/eggjs1/app/service/request.ts:4:10)
    at getExports (/Users/flashcat/JavaScript/eggjs1/node_modules/egg-core/lib/loader/file_loader.js:220:15)
    at ContextLoader.parse (/Users/flashcat/JavaScript/eggjs1/node_modules/egg-core/lib/loader/file_loader.js:158:25)
    at ContextLoader.load (/Users/flashcat/JavaScript/eggjs1/node_modules/egg-core/lib/loader/file_loader.js:67:24)
    at AppWorkerLoader.loadToContext (/Users/flashcat/JavaScript/eggjs1/node_modules/egg-core/lib/loader/egg_loader.js:419:28)

pid: 25738
hostname: kuaimaopaodeMBP.lan

2025-06-30 12:01:15,728 ERROR 25768 [-/127.0.0.1/-/0ms GET /] nodejs.Error: options.uri is a required argument
    at Request.init (/Users/flashcat/JavaScript/eggjs1/node_modules/request/request.js:231:31)
    at new Request (/Users/flashcat/JavaScript/eggjs1/node_modules/request/request.js:127:8)
    at request (/Users/flashcat/JavaScript/eggjs1/node_modules/request/index.js:53:10)
    at Promise (/Users/flashcat/JavaScript/eggjs1/app/service/request.ts:5:5)
    at new Promise (<anonymous>)
    at default_1 (/Users/flashcat/JavaScript/eggjs1/app/service/request.ts:4:10)
    at getExports (/Users/flashcat/JavaScript/eggjs1/node_modules/egg-core/lib/loader/file_loader.js:220:15)
    at ContextLoader.parse (/Users/flashcat/JavaScript/eggjs1/node_modules/egg-core/lib/loader/file_loader.js:158:25)
    at ContextLoader.load (/Users/flashcat/JavaScript/eggjs1/node_modules/egg-core/lib/loader/file_loader.js:67:24)
    at AppWorkerLoader.loadToContext (/Users/flashcat/JavaScript/eggjs1/node_modules/egg-core/lib/loader/egg_loader.js:419:28)

pid: 25768
hostname: kuaimaopaodeMBP.lan

2025-06-30 12:01:22,536 ERROR 25781 [-/127.0.0.1/-/0ms GET /] nodejs.Error: options.uri is a required argument
    at Request.init (/Users/flashcat/JavaScript/eggjs1/node_modules/request/request.js:231:31)
    at new Request (/Users/flashcat/JavaScript/eggjs1/node_modules/request/request.js:127:8)
    at request (/Users/flashcat/JavaScript/eggjs1/node_modules/request/index.js:53:10)
    at Promise (/Users/flashcat/JavaScript/eggjs1/app/service/request.ts:5:5)
    at new Promise (<anonymous>)
    at default_1 (/Users/flashcat/JavaScript/eggjs1/app/service/request.ts:4:10)
    at getExports (/Users/flashcat/JavaScript/eggjs1/node_modules/egg-core/lib/loader/file_loader.js:220:15)
    at ContextLoader.parse (/Users/flashcat/JavaScript/eggjs1/node_modules/egg-core/lib/loader/file_loader.js:158:25)
    at ContextLoader.load (/Users/flashcat/JavaScript/eggjs1/node_modules/egg-core/lib/loader/file_loader.js:67:24)
    at AppWorkerLoader.loadToContext (/Users/flashcat/JavaScript/eggjs1/node_modules/egg-core/lib/loader/egg_loader.js:419:28)

pid: 25781
hostname: kuaimaopaodeMBP.lan

2025-06-30 12:01:51,231 ERROR 25847 [-/127.0.0.1/-/0ms GET /] nodejs.Error: options.uri is a required argument
    at Request.init (/Users/flashcat/JavaScript/eggjs1/node_modules/request/request.js:231:31)
    at new Request (/Users/flashcat/JavaScript/eggjs1/node_modules/request/request.js:127:8)
    at request (/Users/flashcat/JavaScript/eggjs1/node_modules/request/index.js:53:10)
    at Promise (/Users/flashcat/JavaScript/eggjs1/app/service/request.ts:5:5)
    at new Promise (<anonymous>)
    at default_1 (/Users/flashcat/JavaScript/eggjs1/app/service/request.ts:4:10)
    at getExports (/Users/flashcat/JavaScript/eggjs1/node_modules/egg-core/lib/loader/file_loader.js:220:15)
    at ContextLoader.parse (/Users/flashcat/JavaScript/eggjs1/node_modules/egg-core/lib/loader/file_loader.js:158:25)
    at ContextLoader.load (/Users/flashcat/JavaScript/eggjs1/node_modules/egg-core/lib/loader/file_loader.js:67:24)
    at AppWorkerLoader.loadToContext (/Users/flashcat/JavaScript/eggjs1/node_modules/egg-core/lib/loader/egg_loader.js:419:28)

pid: 25847
hostname: kuaimaopaodeMBP.lan

2025-06-30 12:02:04,573 INFO 25847 [-/::1/-/10ms GET /api/users] Request started { path: '/api/users', method: 'GET', traceId: '', spanId: '' }
2025-06-30 12:02:05,136 INFO 25847 [-/::1/-/574ms GET /api/users] 获取用户列表，页码: 1, 页大小: 10
2025-06-30 12:02:05,144 INFO 25847 [-/::1/-/582ms GET /api/users] Request ended { path: '/api/users',
  method: 'GET',
  status: 200,
  traceId: '',
  spanId: '' }
2025-06-30 12:02:05,388 INFO 25847 [-/::1/-/38ms POST /api/n9e/auth/login] Request started { path: '/api/n9e/auth/login',
  method: 'POST',
  traceId: '',
  spanId: '' }
2025-06-30 12:02:05,390 INFO 25847 [-/::1/-/40ms POST /api/n9e/auth/login] Request ended { path: '/api/n9e/auth/login',
  method: 'POST',
  status: 404,
  traceId: '',
  spanId: '' }
2025-06-30 12:02:08,942 INFO 25847 [-/127.0.0.1/-/6ms POST /api/users] Request started { path: '/api/users', method: 'POST', traceId: '', spanId: '' }
2025-06-30 12:02:08,948 INFO 25847 [-/127.0.0.1/-/12ms POST /api/users] 创建新用户，数据: {"name":"张三","email":"zhangsan@example.com"}
2025-06-30 12:02:09,050 INFO 25847 [-/127.0.0.1/-/114ms POST /api/users] 用户创建成功，ID: 1751256128948
2025-06-30 12:02:09,053 INFO 25847 [-/127.0.0.1/-/116ms POST /api/users] Request ended { path: '/api/users',
  method: 'POST',
  status: 201,
  traceId: '',
  spanId: '' }
2025-06-30 12:05:36,541 ERROR 25960 [-/127.0.0.1/-/0ms GET /] nodejs.Error: options.uri is a required argument
    at Request.init (/Users/flashcat/JavaScript/eggjs1/node_modules/request/request.js:231:31)
    at new Request (/Users/flashcat/JavaScript/eggjs1/node_modules/request/request.js:127:8)
    at request (/Users/flashcat/JavaScript/eggjs1/node_modules/request/index.js:53:10)
    at Promise (/Users/flashcat/JavaScript/eggjs1/app/service/request.ts:5:5)
    at new Promise (<anonymous>)
    at default_1 (/Users/flashcat/JavaScript/eggjs1/app/service/request.ts:4:10)
    at getExports (/Users/flashcat/JavaScript/eggjs1/node_modules/egg-core/lib/loader/file_loader.js:220:15)
    at ContextLoader.parse (/Users/flashcat/JavaScript/eggjs1/node_modules/egg-core/lib/loader/file_loader.js:158:25)
    at ContextLoader.load (/Users/flashcat/JavaScript/eggjs1/node_modules/egg-core/lib/loader/file_loader.js:67:24)
    at AppWorkerLoader.loadToContext (/Users/flashcat/JavaScript/eggjs1/node_modules/egg-core/lib/loader/egg_loader.js:419:28)

pid: 25960
hostname: kuaimaopaodeMBP.lan

2025-06-30 12:06:16,748 ERROR 25994 [-/127.0.0.1/-/1ms GET /] nodejs.Error: options.uri is a required argument
    at Request.init (/Users/flashcat/JavaScript/eggjs1/node_modules/request/request.js:231:31)
    at new Request (/Users/flashcat/JavaScript/eggjs1/node_modules/request/request.js:127:8)
    at request (/Users/flashcat/JavaScript/eggjs1/node_modules/request/index.js:53:10)
    at Promise (/Users/flashcat/JavaScript/eggjs1/app/service/request.ts:5:5)
    at new Promise (<anonymous>)
    at default_1 (/Users/flashcat/JavaScript/eggjs1/app/service/request.ts:4:10)
    at getExports (/Users/flashcat/JavaScript/eggjs1/node_modules/egg-core/lib/loader/file_loader.js:220:15)
    at ContextLoader.parse (/Users/flashcat/JavaScript/eggjs1/node_modules/egg-core/lib/loader/file_loader.js:158:25)
    at ContextLoader.load (/Users/flashcat/JavaScript/eggjs1/node_modules/egg-core/lib/loader/file_loader.js:67:24)
    at AppWorkerLoader.loadToContext (/Users/flashcat/JavaScript/eggjs1/node_modules/egg-core/lib/loader/egg_loader.js:419:28)

pid: 25994
hostname: kuaimaopaodeMBP.lan

2025-06-30 12:06:28,876 INFO 25994 [-/127.0.0.1/-/35ms POST /api/users] Request started { path: '/api/users', method: 'POST', traceId: '', spanId: '' }
2025-06-30 12:06:28,890 INFO 25994 [-/127.0.0.1/-/49ms POST /api/users] 创建新用户，数据: {"name":"张三","email":"zhangsan@example.com"}
2025-06-30 12:06:28,994 INFO 25994 [-/127.0.0.1/-/154ms POST /api/users] 用户创建成功，ID: 1751256388890
2025-06-30 12:06:28,999 INFO 25994 [-/127.0.0.1/-/157ms POST /api/users] Request ended { path: '/api/users',
  method: 'POST',
  status: 201,
  traceId: '',
  spanId: '' }
2025-06-30 12:07:33,978 ERROR 26037 [-/127.0.0.1/-/0ms GET /] nodejs.Error: options.uri is a required argument
    at Request.init (/Users/flashcat/JavaScript/eggjs1/node_modules/request/request.js:231:31)
    at new Request (/Users/flashcat/JavaScript/eggjs1/node_modules/request/request.js:127:8)
    at request (/Users/flashcat/JavaScript/eggjs1/node_modules/request/index.js:53:10)
    at Promise (/Users/flashcat/JavaScript/eggjs1/app/service/request.ts:5:5)
    at new Promise (<anonymous>)
    at default_1 (/Users/flashcat/JavaScript/eggjs1/app/service/request.ts:4:10)
    at getExports (/Users/flashcat/JavaScript/eggjs1/node_modules/egg-core/lib/loader/file_loader.js:220:15)
    at ContextLoader.parse (/Users/flashcat/JavaScript/eggjs1/node_modules/egg-core/lib/loader/file_loader.js:158:25)
    at ContextLoader.load (/Users/flashcat/JavaScript/eggjs1/node_modules/egg-core/lib/loader/file_loader.js:67:24)
    at AppWorkerLoader.loadToContext (/Users/flashcat/JavaScript/eggjs1/node_modules/egg-core/lib/loader/egg_loader.js:419:28)

pid: 26037
hostname: kuaimaopaodeMBP.lan

2025-06-30 12:07:56,210 INFO 26037 [-/127.0.0.1/-/43ms POST /api/users] Request started { path: '/api/users', method: 'POST', traceId: '', spanId: '' }
2025-06-30 12:07:56,224 INFO 26037 [-/127.0.0.1/-/57ms POST /api/users] 创建新用户，数据: {"name":"张三","email":"zhangsan@example.com"}
2025-06-30 12:07:56,327 INFO 26037 [-/127.0.0.1/-/161ms POST /api/users] 用户创建成功，ID: 1751256476225
2025-06-30 12:07:56,335 INFO 26037 [-/127.0.0.1/-/168ms POST /api/users] Request ended { path: '/api/users',
  method: 'POST',
  status: 201,
  traceId: '',
  spanId: '' }
2025-06-30 12:09:52,437 INFO 26037 [-/127.0.0.1/-/6ms POST /api/users] Request started { path: '/api/users', method: 'POST', traceId: '', spanId: '' }
2025-06-30 12:09:52,440 INFO 26037 [-/127.0.0.1/-/11ms POST /api/users] 创建新用户，数据: {"name":"张三","email":"zhangsan@example.com"}
2025-06-30 12:09:52,542 INFO 26037 [-/127.0.0.1/-/113ms POST /api/users] 用户创建成功，ID: 1751256592440
2025-06-30 12:09:52,552 INFO 26037 [-/127.0.0.1/-/123ms POST /api/users] Request ended { path: '/api/users',
  method: 'POST',
  status: 201,
  traceId: '',
  spanId: '' }
