2025-06-12 15:47:05,921 INFO 36397 [egg:logger] init all loggers with options: {"dir":"/Users/flashcat/JavaScript/eggjs1/logs/cc-server-in-api","encoding":"utf8","env":"local","level":"DEBUG","consoleLevel":"DEBUG","disableConsoleAfterReady":false,"outputJSON":false,"buffer":true,"appLogName":"cc-server-in-api-web.log","coreLogName":"egg-web.log","agentLogName":"egg-agent.log","errorLogName":"common-error.log","coreLogger":{"consoleLevel":"WARN"},"allowDebugAtProd":false,"type":"application"}
2025-06-12 15:47:06,063 INFO 36397 [egg-multipart] stream mode enable
2025-06-12 15:47:08,448 INFO 36397 [egg-static] starting static serve /public/ -> /Users/flashcat/JavaScript/eggjs1/app/public
2025-06-12 15:47:08,452 INFO 36397 [egg-security] use methodnoallow middleware
2025-06-12 15:47:08,453 INFO 36397 [egg-security] use noopen middleware
2025-06-12 15:47:08,453 INFO 36397 [egg-security] use nosniff middleware
2025-06-12 15:47:08,454 INFO 36397 [egg-security] use xssProtection middleware
2025-06-12 15:47:08,454 INFO 36397 [egg-security] use xframe middleware
2025-06-12 15:47:08,454 INFO 36397 [egg-security] use dta middleware
2025-06-12 15:47:08,454 INFO 36397 [egg-security] compose 6 middlewares into one security middleware
2025-06-12 15:47:08,518 INFO 36397 [egg:core] dump config after load, 22ms
2025-06-12 15:47:08,590 INFO 36397 [egg-watcher:application] watcher start success
2025-06-12 15:47:08,615 INFO 36397 [egg:core] dump config after ready, 8ms
2025-06-12 15:48:18,291 INFO 36619 [egg:logger] init all loggers with options: {"dir":"/Users/flashcat/JavaScript/eggjs1/logs/cc-server-in-api","encoding":"utf8","env":"local","level":"DEBUG","consoleLevel":"DEBUG","disableConsoleAfterReady":false,"outputJSON":false,"buffer":true,"appLogName":"cc-server-in-api-web.log","coreLogName":"egg-web.log","agentLogName":"egg-agent.log","errorLogName":"common-error.log","coreLogger":{"consoleLevel":"WARN"},"allowDebugAtProd":false,"type":"application"}
2025-06-12 15:48:18,433 INFO 36619 [egg-multipart] stream mode enable
2025-06-12 15:48:18,511 INFO 36619 [egg-static] starting static serve /public/ -> /Users/flashcat/JavaScript/eggjs1/app/public
2025-06-12 15:48:18,521 INFO 36619 [egg-security] use methodnoallow middleware
2025-06-12 15:48:18,522 INFO 36619 [egg-security] use noopen middleware
2025-06-12 15:48:18,523 INFO 36619 [egg-security] use nosniff middleware
2025-06-12 15:48:18,523 INFO 36619 [egg-security] use xssProtection middleware
2025-06-12 15:48:18,524 INFO 36619 [egg-security] use xframe middleware
2025-06-12 15:48:18,524 INFO 36619 [egg-security] use dta middleware
2025-06-12 15:48:18,524 INFO 36619 [egg-security] compose 6 middlewares into one security middleware
2025-06-12 15:48:18,564 INFO 36619 [egg:core] dump config after load, 25ms
2025-06-12 15:48:18,642 INFO 36619 [egg-watcher:application] watcher start success
2025-06-12 15:48:18,665 INFO 36619 [egg:core] dump config after ready, 7ms
2025-06-12 15:49:58,724 INFO 37063 [egg:logger] init all loggers with options: {"dir":"/Users/flashcat/JavaScript/eggjs1/logs/cc-server-in-api","encoding":"utf8","env":"local","level":"DEBUG","consoleLevel":"DEBUG","disableConsoleAfterReady":false,"outputJSON":false,"buffer":true,"appLogName":"cc-server-in-api-web.log","coreLogName":"egg-web.log","agentLogName":"egg-agent.log","errorLogName":"common-error.log","coreLogger":{"consoleLevel":"WARN"},"allowDebugAtProd":false,"type":"application"}
2025-06-12 15:49:58,873 INFO 37063 [egg-multipart] stream mode enable
2025-06-12 15:49:58,970 INFO 37063 [egg-static] starting static serve /public/ -> /Users/flashcat/JavaScript/eggjs1/app/public
2025-06-12 15:49:58,983 INFO 37063 [egg-security] use methodnoallow middleware
2025-06-12 15:49:58,984 INFO 37063 [egg-security] use noopen middleware
2025-06-12 15:49:58,985 INFO 37063 [egg-security] use nosniff middleware
2025-06-12 15:49:58,986 INFO 37063 [egg-security] use xssProtection middleware
2025-06-12 15:49:58,986 INFO 37063 [egg-security] use xframe middleware
2025-06-12 15:49:58,986 INFO 37063 [egg-security] use dta middleware
2025-06-12 15:49:58,986 INFO 37063 [egg-security] compose 6 middlewares into one security middleware
2025-06-12 15:50:01,520 INFO 37063 [egg:core] dump config after load, 22ms
2025-06-12 15:50:01,593 INFO 37063 [egg-watcher:application] watcher start success
2025-06-12 15:50:01,617 INFO 37063 [egg:core] dump config after ready, 8ms
2025-06-12 15:55:29,312 INFO 37783 [egg:logger] init all loggers with options: {"dir":"/Users/flashcat/JavaScript/eggjs1/logs/cc-server-in-api","encoding":"utf8","env":"local","level":"DEBUG","consoleLevel":"DEBUG","disableConsoleAfterReady":false,"outputJSON":false,"buffer":true,"appLogName":"cc-server-in-api-web.log","coreLogName":"egg-web.log","agentLogName":"egg-agent.log","errorLogName":"common-error.log","coreLogger":{"consoleLevel":"WARN"},"allowDebugAtProd":false,"type":"application"}
2025-06-12 15:55:29,454 INFO 37783 [egg-multipart] stream mode enable
2025-06-12 15:55:29,529 INFO 37783 [egg-static] starting static serve /public/ -> /Users/flashcat/JavaScript/eggjs1/app/public
2025-06-12 15:55:29,539 INFO 37783 [egg-security] use methodnoallow middleware
2025-06-12 15:55:29,540 INFO 37783 [egg-security] use noopen middleware
2025-06-12 15:55:29,541 INFO 37783 [egg-security] use nosniff middleware
2025-06-12 15:55:29,541 INFO 37783 [egg-security] use xssProtection middleware
2025-06-12 15:55:29,542 INFO 37783 [egg-security] use xframe middleware
2025-06-12 15:55:29,543 INFO 37783 [egg-security] use dta middleware
2025-06-12 15:55:29,543 INFO 37783 [egg-security] compose 6 middlewares into one security middleware
2025-06-12 15:55:29,582 INFO 37783 [egg:core] dump config after load, 24ms
2025-06-12 15:55:29,663 INFO 37783 [egg-watcher:application] watcher start success
2025-06-12 15:55:29,687 INFO 37783 [egg:core] dump config after ready, 7ms
2025-06-12 16:00:25,622 INFO 38151 [egg:logger] init all loggers with options: {"dir":"/Users/flashcat/JavaScript/eggjs1/logs/cc-server-in-api","encoding":"utf8","env":"local","level":"DEBUG","consoleLevel":"DEBUG","disableConsoleAfterReady":false,"outputJSON":false,"buffer":true,"appLogName":"cc-server-in-api-web.log","coreLogName":"egg-web.log","agentLogName":"egg-agent.log","errorLogName":"common-error.log","coreLogger":{"consoleLevel":"WARN"},"allowDebugAtProd":false,"type":"application"}
2025-06-12 16:00:25,756 INFO 38151 [egg-multipart] stream mode enable
2025-06-12 16:00:25,821 INFO 38151 [egg-static] starting static serve /public/ -> /Users/flashcat/JavaScript/eggjs1/app/public
2025-06-12 16:00:25,831 INFO 38151 [egg-security] use methodnoallow middleware
2025-06-12 16:00:25,832 INFO 38151 [egg-security] use noopen middleware
2025-06-12 16:00:25,832 INFO 38151 [egg-security] use nosniff middleware
2025-06-12 16:00:25,833 INFO 38151 [egg-security] use xssProtection middleware
2025-06-12 16:00:25,833 INFO 38151 [egg-security] use xframe middleware
2025-06-12 16:00:25,833 INFO 38151 [egg-security] use dta middleware
2025-06-12 16:00:25,833 INFO 38151 [egg-security] compose 6 middlewares into one security middleware
2025-06-12 16:00:25,871 INFO 38151 [egg:core] dump config after load, 24ms
2025-06-12 16:00:25,954 INFO 38151 [egg-watcher:application] watcher start success
2025-06-12 16:00:25,983 INFO 38151 [egg:core] dump config after ready, 12ms
2025-06-12 16:09:07,134 INFO 39079 [egg:logger] init all loggers with options: {"dir":"/Users/flashcat/JavaScript/eggjs1/logs/cc-server-in-api","encoding":"utf8","env":"local","level":"DEBUG","consoleLevel":"DEBUG","disableConsoleAfterReady":false,"outputJSON":false,"buffer":true,"appLogName":"cc-server-in-api-web.log","coreLogName":"egg-web.log","agentLogName":"egg-agent.log","errorLogName":"common-error.log","coreLogger":{"consoleLevel":"WARN"},"allowDebugAtProd":true,"type":"application"}
2025-06-12 16:09:07,287 INFO 39079 [egg-multipart] stream mode enable
2025-06-12 16:09:07,373 INFO 39079 [egg-static] starting static serve /public/ -> /Users/flashcat/JavaScript/eggjs1/app/public
2025-06-12 16:09:07,385 INFO 39079 [egg-security] use methodnoallow middleware
2025-06-12 16:09:07,386 INFO 39079 [egg-security] use noopen middleware
2025-06-12 16:09:07,387 INFO 39079 [egg-security] use nosniff middleware
2025-06-12 16:09:07,388 INFO 39079 [egg-security] use xssProtection middleware
2025-06-12 16:09:07,388 INFO 39079 [egg-security] use xframe middleware
2025-06-12 16:09:07,389 INFO 39079 [egg-security] use dta middleware
2025-06-12 16:09:07,389 INFO 39079 [egg-security] compose 6 middlewares into one security middleware
2025-06-12 16:09:07,520 INFO 39079 [egg-watcher:application] watcher start success
2025-06-12 16:13:14,741 INFO 39924 [egg:logger] init all loggers with options: {"dir":"/Users/flashcat/JavaScript/eggjs1/logs/cc-server-in-api","encoding":"utf8","env":"local","level":"DEBUG","consoleLevel":"DEBUG","disableConsoleAfterReady":false,"outputJSON":false,"buffer":true,"appLogName":"cc-server-in-api-web.log","coreLogName":"egg-web.log","agentLogName":"egg-agent.log","errorLogName":"common-error.log","coreLogger":{"consoleLevel":"WARN"},"allowDebugAtProd":false,"type":"application"}
2025-06-12 16:13:14,764 INFO 39924 [egg-multipart] stream mode enable
2025-06-12 16:13:14,823 INFO 39924 [egg-static] starting static serve /public/ -> /Users/flashcat/JavaScript/eggjs1/app/public
2025-06-12 16:13:14,824 INFO 39924 [egg-security] use methodnoallow middleware
2025-06-12 16:13:14,825 INFO 39924 [egg-security] use noopen middleware
2025-06-12 16:13:14,825 INFO 39924 [egg-security] use nosniff middleware
2025-06-12 16:13:14,826 INFO 39924 [egg-security] use xssProtection middleware
2025-06-12 16:13:14,826 INFO 39924 [egg-security] use xframe middleware
2025-06-12 16:13:14,827 INFO 39924 [egg-security] use dta middleware
2025-06-12 16:13:14,827 INFO 39924 [egg-security] compose 6 middlewares into one security middleware
2025-06-12 16:13:14,839 INFO 39924 [egg:core] dump config after load, 7ms
2025-06-12 16:13:14,851 INFO 39924 [egg-watcher:application] watcher start success
2025-06-12 16:13:14,857 INFO 39924 [egg:core] dump config after ready, 4ms
2025-06-12 16:35:07,696 INFO 41106 [egg:logger] init all loggers with options: {"dir":"/Users/flashcat/JavaScript/eggjs1/logs/cc-server-in-api","encoding":"utf8","env":"local","level":"DEBUG","consoleLevel":"DEBUG","disableConsoleAfterReady":false,"outputJSON":false,"buffer":true,"appLogName":"cc-server-in-api-web.log","coreLogName":"egg-web.log","agentLogName":"egg-agent.log","errorLogName":"common-error.log","coreLogger":{"consoleLevel":"WARN"},"allowDebugAtProd":false,"type":"application"}
2025-06-12 16:35:07,709 INFO 41106 [egg-multipart] stream mode enable
2025-06-12 16:35:07,753 INFO 41106 [egg-static] starting static serve /public/ -> /Users/flashcat/JavaScript/eggjs1/app/public
2025-06-12 16:35:07,754 INFO 41106 [egg-security] use methodnoallow middleware
2025-06-12 16:35:07,754 INFO 41106 [egg-security] use noopen middleware
2025-06-12 16:35:07,755 INFO 41106 [egg-security] use nosniff middleware
2025-06-12 16:35:07,755 INFO 41106 [egg-security] use xssProtection middleware
2025-06-12 16:35:07,755 INFO 41106 [egg-security] use xframe middleware
2025-06-12 16:35:07,756 INFO 41106 [egg-security] use dta middleware
2025-06-12 16:35:07,756 INFO 41106 [egg-security] compose 6 middlewares into one security middleware
2025-06-12 16:35:07,763 INFO 41106 [egg:core] dump config after load, 4ms
2025-06-12 16:35:07,775 INFO 41106 [egg-watcher:application] watcher start success
2025-06-12 16:35:07,779 INFO 41106 [egg:core] dump config after ready, 3ms
2025-06-12 16:41:16,685 INFO 41215 [egg:logger] init all loggers with options: {"dir":"/Users/flashcat/JavaScript/eggjs1/logs/cc-server-in-api","encoding":"utf8","env":"local","level":"DEBUG","consoleLevel":"DEBUG","disableConsoleAfterReady":false,"outputJSON":false,"buffer":true,"appLogName":"cc-server-in-api-web.log","coreLogName":"egg-web.log","agentLogName":"egg-agent.log","errorLogName":"common-error.log","coreLogger":{"consoleLevel":"WARN"},"allowDebugAtProd":false,"type":"application"}
2025-06-12 16:41:16,700 INFO 41215 [egg-multipart] stream mode enable
2025-06-12 16:41:16,751 INFO 41215 [egg-static] starting static serve /public/ -> /Users/flashcat/JavaScript/eggjs1/app/public
2025-06-12 16:41:16,752 INFO 41215 [egg-security] use methodnoallow middleware
2025-06-12 16:41:16,753 INFO 41215 [egg-security] use noopen middleware
2025-06-12 16:41:16,753 INFO 41215 [egg-security] use nosniff middleware
2025-06-12 16:41:16,754 INFO 41215 [egg-security] use xssProtection middleware
2025-06-12 16:41:16,754 INFO 41215 [egg-security] use xframe middleware
2025-06-12 16:41:16,754 INFO 41215 [egg-security] use dta middleware
2025-06-12 16:41:16,754 INFO 41215 [egg-security] compose 6 middlewares into one security middleware
2025-06-12 16:41:16,774 INFO 41215 [egg:core] dump config after load, 5ms
2025-06-12 16:41:16,780 INFO 41215 [egg-watcher:application] watcher start success
2025-06-12 16:41:16,785 INFO 41215 [egg:core] dump config after ready, 4ms
2025-06-12 16:41:20,461 INFO 41225 [egg:logger] init all loggers with options: {"dir":"/Users/flashcat/JavaScript/eggjs1/logs/cc-server-in-api","encoding":"utf8","env":"local","level":"DEBUG","consoleLevel":"DEBUG","disableConsoleAfterReady":false,"outputJSON":false,"buffer":true,"appLogName":"cc-server-in-api-web.log","coreLogName":"egg-web.log","agentLogName":"egg-agent.log","errorLogName":"common-error.log","coreLogger":{"consoleLevel":"WARN"},"allowDebugAtProd":false,"type":"application"}
2025-06-12 16:41:20,479 INFO 41225 [egg-multipart] stream mode enable
2025-06-12 16:41:20,521 INFO 41225 [egg-static] starting static serve /public/ -> /Users/flashcat/JavaScript/eggjs1/app/public
2025-06-12 16:41:20,522 INFO 41225 [egg-security] use methodnoallow middleware
2025-06-12 16:41:20,523 INFO 41225 [egg-security] use noopen middleware
2025-06-12 16:41:20,523 INFO 41225 [egg-security] use nosniff middleware
2025-06-12 16:41:20,523 INFO 41225 [egg-security] use xssProtection middleware
2025-06-12 16:41:20,524 INFO 41225 [egg-security] use xframe middleware
2025-06-12 16:41:20,524 INFO 41225 [egg-security] use dta middleware
2025-06-12 16:41:20,524 INFO 41225 [egg-security] compose 6 middlewares into one security middleware
2025-06-12 16:41:20,549 INFO 41225 [egg:core] dump config after load, 4ms
2025-06-12 16:41:20,564 INFO 41225 [egg-watcher:application] watcher start success
2025-06-12 16:41:20,571 INFO 41225 [egg:core] dump config after ready, 4ms
2025-06-12 16:44:36,729 INFO 41504 [egg:logger] init all loggers with options: {"dir":"/Users/flashcat/JavaScript/eggjs1/logs/cc-server-in-api","encoding":"utf8","env":"local","level":"DEBUG","consoleLevel":"DEBUG","disableConsoleAfterReady":false,"outputJSON":false,"buffer":true,"appLogName":"cc-server-in-api-web.log","coreLogName":"egg-web.log","agentLogName":"egg-agent.log","errorLogName":"common-error.log","coreLogger":{"consoleLevel":"WARN"},"allowDebugAtProd":false,"type":"application"}
2025-06-12 16:44:36,742 INFO 41504 [egg-multipart] stream mode enable
2025-06-12 16:44:36,783 INFO 41504 [egg-static] starting static serve /public/ -> /Users/flashcat/JavaScript/eggjs1/app/public
2025-06-12 16:44:36,784 INFO 41504 [egg-security] use methodnoallow middleware
2025-06-12 16:44:36,784 INFO 41504 [egg-security] use noopen middleware
2025-06-12 16:44:36,785 INFO 41504 [egg-security] use nosniff middleware
2025-06-12 16:44:36,785 INFO 41504 [egg-security] use xssProtection middleware
2025-06-12 16:44:36,785 INFO 41504 [egg-security] use xframe middleware
2025-06-12 16:44:36,785 INFO 41504 [egg-security] use dta middleware
2025-06-12 16:44:36,785 INFO 41504 [egg-security] compose 6 middlewares into one security middleware
2025-06-12 16:44:36,790 INFO 41504 [egg:core] dump config after load, 2ms
2025-06-12 16:44:36,799 INFO 41504 [egg-watcher:application] watcher start success
2025-06-12 16:44:36,804 INFO 41504 [egg:core] dump config after ready, 3ms
2025-06-12 16:54:19,356 INFO 41740 [egg:logger] init all loggers with options: {"dir":"/Users/flashcat/JavaScript/eggjs1/logs/cc-server-in-api","encoding":"utf8","env":"local","level":"DEBUG","consoleLevel":"DEBUG","disableConsoleAfterReady":false,"outputJSON":false,"buffer":true,"appLogName":"cc-server-in-api-web.log","coreLogName":"egg-web.log","agentLogName":"egg-agent.log","errorLogName":"common-error.log","coreLogger":{"consoleLevel":"WARN"},"allowDebugAtProd":false,"type":"application"}
2025-06-12 16:54:19,370 INFO 41740 [egg-multipart] stream mode enable
2025-06-12 16:54:19,421 INFO 41740 [egg-static] starting static serve /public/ -> /Users/flashcat/JavaScript/eggjs1/app/public
2025-06-12 16:54:19,422 INFO 41740 [egg-security] use methodnoallow middleware
2025-06-12 16:54:19,423 INFO 41740 [egg-security] use noopen middleware
2025-06-12 16:54:19,423 INFO 41740 [egg-security] use nosniff middleware
2025-06-12 16:54:19,424 INFO 41740 [egg-security] use xssProtection middleware
2025-06-12 16:54:19,424 INFO 41740 [egg-security] use xframe middleware
2025-06-12 16:54:19,425 INFO 41740 [egg-security] use dta middleware
2025-06-12 16:54:19,425 INFO 41740 [egg-security] compose 6 middlewares into one security middleware
2025-06-12 16:54:19,432 INFO 41740 [egg:core] dump config after load, 4ms
2025-06-12 16:54:19,445 INFO 41740 [egg-watcher:application] watcher start success
2025-06-12 16:54:19,449 INFO 41740 [egg:core] dump config after ready, 3ms
2025-06-12 16:57:37,209 INFO 41846 [egg:logger] init all loggers with options: {"dir":"/Users/flashcat/JavaScript/eggjs1/logs/cc-server-in-api","encoding":"utf8","env":"local","level":"DEBUG","consoleLevel":"DEBUG","disableConsoleAfterReady":false,"outputJSON":false,"buffer":true,"appLogName":"cc-server-in-api-web.log","coreLogName":"egg-web.log","agentLogName":"egg-agent.log","errorLogName":"common-error.log","coreLogger":{"consoleLevel":"WARN"},"allowDebugAtProd":false,"type":"application"}
2025-06-12 16:57:37,221 INFO 41846 [egg-multipart] stream mode enable
2025-06-12 16:57:37,266 INFO 41846 [egg-static] starting static serve /public/ -> /Users/flashcat/JavaScript/eggjs1/app/public
2025-06-12 16:57:37,266 INFO 41846 [egg-security] use methodnoallow middleware
2025-06-12 16:57:37,267 INFO 41846 [egg-security] use noopen middleware
2025-06-12 16:57:37,267 INFO 41846 [egg-security] use nosniff middleware
2025-06-12 16:57:37,268 INFO 41846 [egg-security] use xssProtection middleware
2025-06-12 16:57:37,268 INFO 41846 [egg-security] use xframe middleware
2025-06-12 16:57:37,269 INFO 41846 [egg-security] use dta middleware
2025-06-12 16:57:37,269 INFO 41846 [egg-security] compose 6 middlewares into one security middleware
2025-06-12 16:57:37,274 INFO 41846 [egg:core] dump config after load, 3ms
2025-06-12 16:57:37,282 INFO 41846 [egg-watcher:application] watcher start success
2025-06-12 16:57:37,294 INFO 41846 [egg:core] dump config after ready, 10ms
2025-06-12 17:02:24,418 INFO 42296 [egg:logger] init all loggers with options: {"dir":"/Users/flashcat/JavaScript/eggjs1/logs/cc-server-in-api","encoding":"utf8","env":"local","level":"DEBUG","consoleLevel":"DEBUG","disableConsoleAfterReady":false,"outputJSON":false,"buffer":true,"appLogName":"cc-server-in-api-web.log","coreLogName":"egg-web.log","agentLogName":"egg-agent.log","errorLogName":"common-error.log","coreLogger":{"consoleLevel":"WARN"},"allowDebugAtProd":false,"type":"application"}
2025-06-12 17:02:24,432 INFO 42296 [egg-multipart] stream mode enable
2025-06-12 17:02:24,475 INFO 42296 [egg-static] starting static serve /public/ -> /Users/flashcat/JavaScript/eggjs1/app/public
2025-06-12 17:02:24,476 INFO 42296 [egg-security] use methodnoallow middleware
2025-06-12 17:02:24,477 INFO 42296 [egg-security] use noopen middleware
2025-06-12 17:02:24,477 INFO 42296 [egg-security] use nosniff middleware
2025-06-12 17:02:24,478 INFO 42296 [egg-security] use xssProtection middleware
2025-06-12 17:02:24,478 INFO 42296 [egg-security] use xframe middleware
2025-06-12 17:02:24,478 INFO 42296 [egg-security] use dta middleware
2025-06-12 17:02:24,478 INFO 42296 [egg-security] compose 6 middlewares into one security middleware
2025-06-12 17:02:24,484 INFO 42296 [egg:core] dump config after load, 2ms
2025-06-12 17:02:24,498 INFO 42296 [egg-watcher:application] watcher start success
2025-06-12 17:02:24,508 INFO 42296 [egg:core] dump config after ready, 9ms
2025-06-12 17:03:00,643 INFO 42336 [egg:logger] init all loggers with options: {"dir":"/Users/flashcat/JavaScript/eggjs1/logs/cc-server-in-api","encoding":"utf8","env":"local","level":"DEBUG","consoleLevel":"DEBUG","disableConsoleAfterReady":false,"outputJSON":false,"buffer":true,"appLogName":"cc-server-in-api-web.log","coreLogName":"egg-web.log","agentLogName":"egg-agent.log","errorLogName":"common-error.log","coreLogger":{"consoleLevel":"WARN"},"allowDebugAtProd":false,"type":"application"}
2025-06-12 17:03:00,657 INFO 42336 [egg-multipart] stream mode enable
2025-06-12 17:03:00,700 INFO 42336 [egg-static] starting static serve /public/ -> /Users/flashcat/JavaScript/eggjs1/app/public
2025-06-12 17:03:00,701 INFO 42336 [egg-security] use methodnoallow middleware
2025-06-12 17:03:00,702 INFO 42336 [egg-security] use noopen middleware
2025-06-12 17:03:00,702 INFO 42336 [egg-security] use nosniff middleware
2025-06-12 17:03:00,702 INFO 42336 [egg-security] use xssProtection middleware
2025-06-12 17:03:00,703 INFO 42336 [egg-security] use xframe middleware
2025-06-12 17:03:00,703 INFO 42336 [egg-security] use dta middleware
2025-06-12 17:03:00,703 INFO 42336 [egg-security] compose 6 middlewares into one security middleware
2025-06-12 17:03:00,709 INFO 42336 [egg:core] dump config after load, 2ms
2025-06-12 17:03:00,721 INFO 42336 [egg-watcher:application] watcher start success
2025-06-12 17:03:00,725 INFO 42336 [egg:core] dump config after ready, 3ms
2025-06-12 17:03:32,879 INFO 42363 [egg:logger] init all loggers with options: {"dir":"/Users/flashcat/JavaScript/eggjs1/logs/cc-server-in-api","encoding":"utf8","env":"local","level":"DEBUG","consoleLevel":"DEBUG","disableConsoleAfterReady":false,"outputJSON":false,"buffer":true,"appLogName":"cc-server-in-api-web.log","coreLogName":"egg-web.log","agentLogName":"egg-agent.log","errorLogName":"common-error.log","coreLogger":{"consoleLevel":"WARN"},"allowDebugAtProd":false,"type":"application"}
2025-06-12 17:03:32,894 INFO 42363 [egg-multipart] stream mode enable
2025-06-12 17:03:32,939 INFO 42363 [egg-static] starting static serve /public/ -> /Users/flashcat/JavaScript/eggjs1/app/public
2025-06-12 17:03:32,940 INFO 42363 [egg-security] use methodnoallow middleware
2025-06-12 17:03:32,940 INFO 42363 [egg-security] use noopen middleware
2025-06-12 17:03:32,941 INFO 42363 [egg-security] use nosniff middleware
2025-06-12 17:03:32,941 INFO 42363 [egg-security] use xssProtection middleware
2025-06-12 17:03:32,942 INFO 42363 [egg-security] use xframe middleware
2025-06-12 17:03:32,942 INFO 42363 [egg-security] use dta middleware
2025-06-12 17:03:32,942 INFO 42363 [egg-security] compose 6 middlewares into one security middleware
2025-06-12 17:03:32,947 INFO 42363 [egg:core] dump config after load, 2ms
2025-06-12 17:03:32,954 INFO 42363 [egg-watcher:application] watcher start success
2025-06-12 17:03:32,959 INFO 42363 [egg:core] dump config after ready, 3ms
2025-06-12 17:08:33,593 INFO 42500 [egg:logger] init all loggers with options: {"dir":"/Users/flashcat/JavaScript/eggjs1/logs/cc-server-in-api","encoding":"utf8","env":"local","level":"DEBUG","consoleLevel":"DEBUG","disableConsoleAfterReady":false,"outputJSON":false,"buffer":true,"appLogName":"cc-server-in-api-web.log","coreLogName":"egg-web.log","agentLogName":"egg-agent.log","errorLogName":"common-error.log","coreLogger":{"consoleLevel":"WARN"},"allowDebugAtProd":false,"type":"application"}
2025-06-12 17:08:33,608 INFO 42500 [egg-multipart] stream mode enable
2025-06-12 17:08:33,658 INFO 42500 [egg-static] starting static serve /public/ -> /Users/flashcat/JavaScript/eggjs1/app/public
2025-06-12 17:08:33,659 INFO 42500 [egg-security] use methodnoallow middleware
2025-06-12 17:08:33,660 INFO 42500 [egg-security] use noopen middleware
2025-06-12 17:08:33,660 INFO 42500 [egg-security] use nosniff middleware
2025-06-12 17:08:33,661 INFO 42500 [egg-security] use xssProtection middleware
2025-06-12 17:08:33,661 INFO 42500 [egg-security] use xframe middleware
2025-06-12 17:08:33,661 INFO 42500 [egg-security] use dta middleware
2025-06-12 17:08:33,661 INFO 42500 [egg-security] compose 6 middlewares into one security middleware
2025-06-12 17:08:33,667 INFO 42500 [egg:core] dump config after load, 2ms
2025-06-12 17:08:33,690 INFO 42500 [egg-watcher:application] watcher start success
2025-06-12 17:08:33,694 INFO 42500 [egg:core] dump config after ready, 2ms
2025-06-12 17:08:57,116 INFO 42547 [egg:logger] init all loggers with options: {"dir":"/Users/flashcat/JavaScript/eggjs1/logs/cc-server-in-api","encoding":"utf8","env":"local","level":"DEBUG","consoleLevel":"DEBUG","disableConsoleAfterReady":false,"outputJSON":false,"buffer":true,"appLogName":"cc-server-in-api-web.log","coreLogName":"egg-web.log","agentLogName":"egg-agent.log","errorLogName":"common-error.log","coreLogger":{"consoleLevel":"WARN"},"allowDebugAtProd":false,"type":"application"}
2025-06-12 17:08:57,133 INFO 42547 [egg-multipart] stream mode enable
2025-06-12 17:08:57,180 INFO 42547 [egg-static] starting static serve /public/ -> /Users/flashcat/JavaScript/eggjs1/app/public
2025-06-12 17:08:57,181 INFO 42547 [egg-security] use methodnoallow middleware
2025-06-12 17:08:57,181 INFO 42547 [egg-security] use noopen middleware
2025-06-12 17:08:57,182 INFO 42547 [egg-security] use nosniff middleware
2025-06-12 17:08:57,182 INFO 42547 [egg-security] use xssProtection middleware
2025-06-12 17:08:57,183 INFO 42547 [egg-security] use xframe middleware
2025-06-12 17:08:57,183 INFO 42547 [egg-security] use dta middleware
2025-06-12 17:08:57,183 INFO 42547 [egg-security] compose 6 middlewares into one security middleware
2025-06-12 17:08:57,188 INFO 42547 [egg:core] dump config after load, 2ms
2025-06-12 17:08:57,213 INFO 42547 [egg-watcher:application] watcher start success
2025-06-12 17:08:57,218 INFO 42547 [egg:core] dump config after ready, 4ms
2025-06-12 17:09:59,079 INFO 42615 [egg:logger] init all loggers with options: {"dir":"/Users/flashcat/JavaScript/eggjs1/logs/cc-server-in-api","encoding":"utf8","env":"local","level":"DEBUG","consoleLevel":"DEBUG","disableConsoleAfterReady":false,"outputJSON":false,"buffer":true,"appLogName":"cc-server-in-api-web.log","coreLogName":"egg-web.log","agentLogName":"egg-agent.log","errorLogName":"common-error.log","coreLogger":{"consoleLevel":"WARN"},"allowDebugAtProd":false,"type":"application"}
2025-06-12 17:09:59,093 INFO 42615 [egg-multipart] stream mode enable
2025-06-12 17:09:59,133 INFO 42615 [egg-static] starting static serve /public/ -> /Users/flashcat/JavaScript/eggjs1/app/public
2025-06-12 17:09:59,134 INFO 42615 [egg-security] use methodnoallow middleware
2025-06-12 17:09:59,135 INFO 42615 [egg-security] use noopen middleware
2025-06-12 17:09:59,135 INFO 42615 [egg-security] use nosniff middleware
2025-06-12 17:09:59,135 INFO 42615 [egg-security] use xssProtection middleware
2025-06-12 17:09:59,136 INFO 42615 [egg-security] use xframe middleware
2025-06-12 17:09:59,136 INFO 42615 [egg-security] use dta middleware
2025-06-12 17:09:59,136 INFO 42615 [egg-security] compose 6 middlewares into one security middleware
2025-06-12 17:09:59,142 INFO 42615 [egg:core] dump config after load, 3ms
2025-06-12 17:09:59,164 INFO 42615 [egg-watcher:application] watcher start success
2025-06-12 17:09:59,169 INFO 42615 [egg:core] dump config after ready, 3ms
2025-06-12 17:45:36,253 INFO 44730 [egg:logger] init all loggers with options: {"dir":"/Users/flashcat/JavaScript/eggjs1/logs/cc-server-in-api","encoding":"utf8","env":"local","level":"DEBUG","consoleLevel":"DEBUG","disableConsoleAfterReady":false,"outputJSON":false,"buffer":true,"appLogName":"cc-server-in-api-web.log","coreLogName":"egg-web.log","agentLogName":"egg-agent.log","errorLogName":"common-error.log","coreLogger":{"consoleLevel":"WARN"},"allowDebugAtProd":false,"type":"application"}
2025-06-12 17:45:36,269 INFO 44730 [egg-multipart] stream mode enable
2025-06-12 17:45:36,320 INFO 44730 [egg-static] starting static serve /public/ -> /Users/flashcat/JavaScript/eggjs1/app/public
2025-06-12 17:45:36,321 INFO 44730 [egg-security] use methodnoallow middleware
2025-06-12 17:45:36,321 INFO 44730 [egg-security] use noopen middleware
2025-06-12 17:45:36,322 INFO 44730 [egg-security] use nosniff middleware
2025-06-12 17:45:36,322 INFO 44730 [egg-security] use xssProtection middleware
2025-06-12 17:45:36,323 INFO 44730 [egg-security] use xframe middleware
2025-06-12 17:45:36,323 INFO 44730 [egg-security] use dta middleware
2025-06-12 17:45:36,323 INFO 44730 [egg-security] compose 6 middlewares into one security middleware
2025-06-12 17:45:36,329 INFO 44730 [egg:core] dump config after load, 2ms
2025-06-12 17:45:36,351 INFO 44730 [egg-watcher:application] watcher start success
2025-06-12 17:45:36,355 INFO 44730 [egg:core] dump config after ready, 3ms
2025-06-12 17:45:52,681 INFO 44769 [egg:logger] init all loggers with options: {"dir":"/Users/flashcat/JavaScript/eggjs1/logs/cc-server-in-api","encoding":"utf8","env":"local","level":"DEBUG","consoleLevel":"DEBUG","disableConsoleAfterReady":false,"outputJSON":false,"buffer":true,"appLogName":"cc-server-in-api-web.log","coreLogName":"egg-web.log","agentLogName":"egg-agent.log","errorLogName":"common-error.log","coreLogger":{"consoleLevel":"WARN"},"allowDebugAtProd":false,"type":"application"}
2025-06-12 17:45:52,696 INFO 44769 [egg-multipart] stream mode enable
2025-06-12 17:45:52,743 INFO 44769 [egg-static] starting static serve /public/ -> /Users/flashcat/JavaScript/eggjs1/app/public
2025-06-12 17:45:52,744 INFO 44769 [egg-security] use methodnoallow middleware
2025-06-12 17:45:52,744 INFO 44769 [egg-security] use noopen middleware
2025-06-12 17:45:52,745 INFO 44769 [egg-security] use nosniff middleware
2025-06-12 17:45:52,745 INFO 44769 [egg-security] use xssProtection middleware
2025-06-12 17:45:52,746 INFO 44769 [egg-security] use xframe middleware
2025-06-12 17:45:52,746 INFO 44769 [egg-security] use dta middleware
2025-06-12 17:45:52,746 INFO 44769 [egg-security] compose 6 middlewares into one security middleware
2025-06-12 17:45:52,752 INFO 44769 [egg:core] dump config after load, 3ms
2025-06-12 17:45:52,773 INFO 44769 [egg-watcher:application] watcher start success
2025-06-12 17:45:52,777 INFO 44769 [egg:core] dump config after ready, 2ms
2025-06-12 18:02:06,004 INFO 45395 [egg:logger] init all loggers with options: {"dir":"/Users/flashcat/JavaScript/eggjs1/logs/cc-server-in-api","encoding":"utf8","env":"local","level":"DEBUG","consoleLevel":"DEBUG","disableConsoleAfterReady":false,"outputJSON":false,"buffer":true,"appLogName":"cc-server-in-api-web.log","coreLogName":"egg-web.log","agentLogName":"egg-agent.log","errorLogName":"common-error.log","coreLogger":{"consoleLevel":"WARN"},"allowDebugAtProd":false,"type":"application"}
2025-06-12 18:02:06,020 INFO 45395 [egg-multipart] stream mode enable
2025-06-12 18:02:06,075 INFO 45395 [egg-static] starting static serve /public/ -> /Users/flashcat/JavaScript/eggjs1/app/public
2025-06-12 18:02:06,077 INFO 45395 [egg-security] use methodnoallow middleware
2025-06-12 18:02:06,077 INFO 45395 [egg-security] use noopen middleware
2025-06-12 18:02:06,078 INFO 45395 [egg-security] use nosniff middleware
2025-06-12 18:02:06,078 INFO 45395 [egg-security] use xssProtection middleware
2025-06-12 18:02:06,079 INFO 45395 [egg-security] use xframe middleware
2025-06-12 18:02:06,080 INFO 45395 [egg-security] use dta middleware
2025-06-12 18:02:06,080 INFO 45395 [egg-security] compose 6 middlewares into one security middleware
2025-06-12 18:02:06,086 INFO 45395 [egg:core] dump config after load, 2ms
2025-06-12 18:02:06,099 INFO 45395 [egg-watcher:application] watcher start success
2025-06-12 18:02:06,103 INFO 45395 [egg:core] dump config after ready, 2ms
2025-06-12 18:10:07,837 INFO 45998 [egg:logger] init all loggers with options: {"dir":"/Users/flashcat/JavaScript/eggjs1/logs/cc-server-in-api","encoding":"utf8","env":"local","level":"DEBUG","consoleLevel":"DEBUG","disableConsoleAfterReady":false,"outputJSON":false,"buffer":true,"appLogName":"cc-server-in-api-web.log","coreLogName":"egg-web.log","agentLogName":"egg-agent.log","errorLogName":"common-error.log","coreLogger":{"consoleLevel":"WARN"},"allowDebugAtProd":false,"type":"application"}
2025-06-12 18:10:07,852 INFO 45998 [egg-multipart] stream mode enable
2025-06-12 18:10:07,897 INFO 45998 [egg-static] starting static serve /public/ -> /Users/flashcat/JavaScript/eggjs1/app/public
2025-06-12 18:10:07,898 INFO 45998 [egg-security] use methodnoallow middleware
2025-06-12 18:10:07,898 INFO 45998 [egg-security] use noopen middleware
2025-06-12 18:10:07,899 INFO 45998 [egg-security] use nosniff middleware
2025-06-12 18:10:07,899 INFO 45998 [egg-security] use xssProtection middleware
2025-06-12 18:10:07,900 INFO 45998 [egg-security] use xframe middleware
2025-06-12 18:10:07,900 INFO 45998 [egg-security] use dta middleware
2025-06-12 18:10:07,900 INFO 45998 [egg-security] compose 6 middlewares into one security middleware
2025-06-12 18:10:08,692 INFO 45998 [egg:core] dump config after load, 3ms
2025-06-12 18:10:08,709 INFO 45998 [egg-watcher:application] watcher start success
2025-06-12 18:10:08,714 INFO 45998 [egg:core] dump config after ready, 3ms
2025-06-12 18:11:43,558 INFO 46029 [egg:logger] init all loggers with options: {"dir":"/Users/flashcat/JavaScript/eggjs1/logs/cc-server-in-api","encoding":"utf8","env":"local","level":"DEBUG","consoleLevel":"DEBUG","disableConsoleAfterReady":false,"outputJSON":false,"buffer":true,"appLogName":"cc-server-in-api-web.log","coreLogName":"egg-web.log","agentLogName":"egg-agent.log","errorLogName":"common-error.log","coreLogger":{"consoleLevel":"WARN"},"allowDebugAtProd":false,"type":"application"}
2025-06-12 18:11:43,577 INFO 46029 [egg-multipart] stream mode enable
2025-06-12 18:11:43,621 INFO 46029 [egg-static] starting static serve /public/ -> /Users/flashcat/JavaScript/eggjs1/app/public
2025-06-12 18:11:43,622 INFO 46029 [egg-security] use methodnoallow middleware
2025-06-12 18:11:43,622 INFO 46029 [egg-security] use noopen middleware
2025-06-12 18:11:43,623 INFO 46029 [egg-security] use nosniff middleware
2025-06-12 18:11:43,623 INFO 46029 [egg-security] use xssProtection middleware
2025-06-12 18:11:43,623 INFO 46029 [egg-security] use xframe middleware
2025-06-12 18:11:43,624 INFO 46029 [egg-security] use dta middleware
2025-06-12 18:11:43,624 INFO 46029 [egg-security] compose 6 middlewares into one security middleware
2025-06-12 18:11:44,432 INFO 46029 [egg:core] dump config after load, 5ms
2025-06-12 18:11:44,464 INFO 46029 [egg-watcher:application] watcher start success
2025-06-12 18:11:44,469 INFO 46029 [egg:core] dump config after ready, 4ms
2025-06-12 18:12:22,476 INFO 46082 [egg:logger] init all loggers with options: {"dir":"/Users/flashcat/JavaScript/eggjs1/logs/cc-server-in-api","encoding":"utf8","env":"local","level":"DEBUG","consoleLevel":"DEBUG","disableConsoleAfterReady":false,"outputJSON":false,"buffer":true,"appLogName":"cc-server-in-api-web.log","coreLogName":"egg-web.log","agentLogName":"egg-agent.log","errorLogName":"common-error.log","coreLogger":{"consoleLevel":"WARN"},"allowDebugAtProd":false,"type":"application"}
2025-06-12 18:12:22,491 INFO 46082 [egg-multipart] stream mode enable
2025-06-12 18:12:22,525 INFO 46082 [egg-static] starting static serve /public/ -> /Users/flashcat/JavaScript/eggjs1/app/public
2025-06-12 18:12:22,526 INFO 46082 [egg-security] use methodnoallow middleware
2025-06-12 18:12:22,526 INFO 46082 [egg-security] use noopen middleware
2025-06-12 18:12:22,527 INFO 46082 [egg-security] use nosniff middleware
2025-06-12 18:12:22,527 INFO 46082 [egg-security] use xssProtection middleware
2025-06-12 18:12:22,527 INFO 46082 [egg-security] use xframe middleware
2025-06-12 18:12:22,527 INFO 46082 [egg-security] use dta middleware
2025-06-12 18:12:22,527 INFO 46082 [egg-security] compose 6 middlewares into one security middleware
2025-06-12 18:12:23,285 INFO 46082 [egg:core] dump config after load, 3ms
2025-06-12 18:12:23,302 INFO 46082 [egg-watcher:application] watcher start success
2025-06-12 18:12:23,307 INFO 46082 [egg:core] dump config after ready, 4ms
2025-06-12 18:14:19,536 INFO 46135 [egg:logger] init all loggers with options: {"dir":"/Users/flashcat/JavaScript/eggjs1/logs/cc-server-in-api","encoding":"utf8","env":"local","level":"DEBUG","consoleLevel":"DEBUG","disableConsoleAfterReady":false,"outputJSON":false,"buffer":true,"appLogName":"cc-server-in-api-web.log","coreLogName":"egg-web.log","agentLogName":"egg-agent.log","errorLogName":"common-error.log","coreLogger":{"consoleLevel":"WARN"},"allowDebugAtProd":false,"type":"application"}
2025-06-12 18:14:19,551 INFO 46135 [egg-multipart] stream mode enable
2025-06-12 18:14:20,347 INFO 46135 [egg-static] starting static serve /public/ -> /Users/flashcat/JavaScript/eggjs1/app/public
2025-06-12 18:14:20,348 INFO 46135 [egg-security] use methodnoallow middleware
2025-06-12 18:14:20,348 INFO 46135 [egg-security] use noopen middleware
2025-06-12 18:14:20,349 INFO 46135 [egg-security] use nosniff middleware
2025-06-12 18:14:20,349 INFO 46135 [egg-security] use xssProtection middleware
2025-06-12 18:14:20,350 INFO 46135 [egg-security] use xframe middleware
2025-06-12 18:14:20,350 INFO 46135 [egg-security] use dta middleware
2025-06-12 18:14:20,350 INFO 46135 [egg-security] compose 6 middlewares into one security middleware
2025-06-12 18:14:20,355 INFO 46135 [egg:core] dump config after load, 2ms
2025-06-12 18:14:20,371 INFO 46135 [egg-watcher:application] watcher start success
2025-06-12 18:14:20,376 INFO 46135 [egg:core] dump config after ready, 3ms
2025-06-12 18:14:26,088 INFO 46166 [egg:logger] init all loggers with options: {"dir":"/Users/flashcat/JavaScript/eggjs1/logs/cc-server-in-api","encoding":"utf8","env":"local","level":"DEBUG","consoleLevel":"DEBUG","disableConsoleAfterReady":false,"outputJSON":false,"buffer":true,"appLogName":"cc-server-in-api-web.log","coreLogName":"egg-web.log","agentLogName":"egg-agent.log","errorLogName":"common-error.log","coreLogger":{"consoleLevel":"WARN"},"allowDebugAtProd":false,"type":"application"}
2025-06-12 18:14:26,105 INFO 46166 [egg-multipart] stream mode enable
2025-06-12 18:14:26,150 INFO 46166 [egg-static] starting static serve /public/ -> /Users/flashcat/JavaScript/eggjs1/app/public
2025-06-12 18:14:26,151 INFO 46166 [egg-security] use methodnoallow middleware
2025-06-12 18:14:26,151 INFO 46166 [egg-security] use noopen middleware
2025-06-12 18:14:26,152 INFO 46166 [egg-security] use nosniff middleware
2025-06-12 18:14:26,152 INFO 46166 [egg-security] use xssProtection middleware
2025-06-12 18:14:26,152 INFO 46166 [egg-security] use xframe middleware
2025-06-12 18:14:26,152 INFO 46166 [egg-security] use dta middleware
2025-06-12 18:14:26,152 INFO 46166 [egg-security] compose 6 middlewares into one security middleware
2025-06-12 18:14:26,157 INFO 46166 [egg:core] dump config after load, 2ms
2025-06-12 18:14:26,176 INFO 46166 [egg-watcher:application] watcher start success
2025-06-12 18:14:26,180 INFO 46166 [egg:core] dump config after ready, 3ms
2025-06-12 19:20:07,095 INFO 46927 [egg:logger] init all loggers with options: {"dir":"/Users/flashcat/JavaScript/eggjs1/logs/cc-server-in-api","encoding":"utf8","env":"local","level":"DEBUG","consoleLevel":"DEBUG","disableConsoleAfterReady":false,"outputJSON":false,"buffer":true,"appLogName":"cc-server-in-api-web.log","coreLogName":"egg-web.log","agentLogName":"egg-agent.log","errorLogName":"common-error.log","coreLogger":{"consoleLevel":"WARN"},"allowDebugAtProd":false,"type":"application"}
2025-06-12 19:20:07,109 INFO 46927 [egg-multipart] stream mode enable
2025-06-12 19:20:07,159 INFO 46927 [egg-static] starting static serve /public/ -> /Users/flashcat/JavaScript/eggjs1/app/public
2025-06-12 19:20:07,160 INFO 46927 [egg-security] use methodnoallow middleware
2025-06-12 19:20:07,160 INFO 46927 [egg-security] use noopen middleware
2025-06-12 19:20:07,161 INFO 46927 [egg-security] use nosniff middleware
2025-06-12 19:20:07,161 INFO 46927 [egg-security] use xssProtection middleware
2025-06-12 19:20:07,161 INFO 46927 [egg-security] use xframe middleware
2025-06-12 19:20:07,162 INFO 46927 [egg-security] use dta middleware
2025-06-12 19:20:07,162 INFO 46927 [egg-security] compose 6 middlewares into one security middleware
2025-06-12 19:20:07,168 INFO 46927 [egg:core] dump config after load, 2ms
2025-06-12 19:20:07,188 INFO 46927 [egg-watcher:application] watcher start success
2025-06-12 19:20:07,192 INFO 46927 [egg:core] dump config after ready, 3ms
2025-06-13 10:12:18,432 INFO 49233 [egg:logger] init all loggers with options: {"dir":"/Users/flashcat/JavaScript/eggjs1/logs/cc-server-in-api","encoding":"utf8","env":"local","level":"DEBUG","consoleLevel":"DEBUG","disableConsoleAfterReady":false,"outputJSON":false,"buffer":true,"appLogName":"cc-server-in-api-web.log","coreLogName":"egg-web.log","agentLogName":"egg-agent.log","errorLogName":"common-error.log","coreLogger":{"consoleLevel":"WARN"},"allowDebugAtProd":false,"type":"application"}
2025-06-13 10:12:18,450 INFO 49233 [egg-multipart] stream mode enable
2025-06-13 10:12:18,510 INFO 49233 [egg-static] starting static serve /public/ -> /Users/flashcat/JavaScript/eggjs1/app/public
2025-06-13 10:12:18,511 INFO 49233 [egg-security] use methodnoallow middleware
2025-06-13 10:12:18,511 INFO 49233 [egg-security] use noopen middleware
2025-06-13 10:12:18,512 INFO 49233 [egg-security] use nosniff middleware
2025-06-13 10:12:18,512 INFO 49233 [egg-security] use xssProtection middleware
2025-06-13 10:12:18,512 INFO 49233 [egg-security] use xframe middleware
2025-06-13 10:12:18,513 INFO 49233 [egg-security] use dta middleware
2025-06-13 10:12:18,513 INFO 49233 [egg-security] compose 6 middlewares into one security middleware
2025-06-13 10:12:18,518 INFO 49233 [egg:core] dump config after load, 2ms
2025-06-13 10:12:18,538 INFO 49233 [egg-watcher:application] watcher start success
2025-06-13 10:12:18,542 INFO 49233 [egg:core] dump config after ready, 3ms
2025-06-13 10:35:46,906 INFO 49884 [egg:logger] init all loggers with options: {"dir":"/Users/flashcat/JavaScript/eggjs1/logs/cc-server-in-api","encoding":"utf8","env":"local","level":"DEBUG","consoleLevel":"DEBUG","disableConsoleAfterReady":false,"outputJSON":false,"buffer":true,"appLogName":"cc-server-in-api-web.log","coreLogName":"egg-web.log","agentLogName":"egg-agent.log","errorLogName":"common-error.log","coreLogger":{"consoleLevel":"WARN"},"allowDebugAtProd":false,"type":"application"}
2025-06-13 10:35:47,013 INFO 49884 [egg-multipart] stream mode enable
2025-06-13 10:35:47,107 INFO 49884 [egg-static] starting static serve /public/ -> /Users/flashcat/JavaScript/eggjs1/app/public
2025-06-13 10:35:47,109 INFO 49884 [egg-security] use methodnoallow middleware
2025-06-13 10:35:47,109 INFO 49884 [egg-security] use noopen middleware
2025-06-13 10:35:47,110 INFO 49884 [egg-security] use nosniff middleware
2025-06-13 10:35:47,110 INFO 49884 [egg-security] use xssProtection middleware
2025-06-13 10:35:47,111 INFO 49884 [egg-security] use xframe middleware
2025-06-13 10:35:47,111 INFO 49884 [egg-security] use dta middleware
2025-06-13 10:35:47,111 INFO 49884 [egg-security] compose 6 middlewares into one security middleware
2025-06-13 10:35:47,143 INFO 49884 [egg:core] dump config after load, 24ms
2025-06-13 10:35:47,223 INFO 49884 [egg-watcher:application] watcher start success
2025-06-13 10:35:47,248 INFO 49884 [egg:core] dump config after ready, 8ms
2025-06-13 10:38:46,653 INFO 50115 [egg:logger] init all loggers with options: {"dir":"/Users/flashcat/JavaScript/eggjs1/logs/cc-server-in-api","encoding":"utf8","env":"local","level":"DEBUG","consoleLevel":"DEBUG","disableConsoleAfterReady":false,"outputJSON":false,"buffer":true,"appLogName":"cc-server-in-api-web.log","coreLogName":"egg-web.log","agentLogName":"egg-agent.log","errorLogName":"common-error.log","coreLogger":{"consoleLevel":"WARN"},"allowDebugAtProd":false,"type":"application"}
2025-06-13 10:38:46,669 INFO 50115 [egg-multipart] stream mode enable
2025-06-13 10:38:46,714 INFO 50115 [egg-static] starting static serve /public/ -> /Users/flashcat/JavaScript/eggjs1/app/public
2025-06-13 10:38:46,715 INFO 50115 [egg-security] use methodnoallow middleware
2025-06-13 10:38:46,715 INFO 50115 [egg-security] use noopen middleware
2025-06-13 10:38:46,716 INFO 50115 [egg-security] use nosniff middleware
2025-06-13 10:38:46,716 INFO 50115 [egg-security] use xssProtection middleware
2025-06-13 10:38:46,717 INFO 50115 [egg-security] use xframe middleware
2025-06-13 10:38:46,717 INFO 50115 [egg-security] use dta middleware
2025-06-13 10:38:46,717 INFO 50115 [egg-security] compose 6 middlewares into one security middleware
2025-06-13 10:38:46,723 INFO 50115 [egg:core] dump config after load, 3ms
2025-06-13 10:38:46,741 INFO 50115 [egg-watcher:application] watcher start success
2025-06-13 10:38:46,745 INFO 50115 [egg:core] dump config after ready, 3ms
2025-06-13 10:39:50,993 INFO 50154 [egg:logger] init all loggers with options: {"dir":"/Users/flashcat/JavaScript/eggjs1/logs/cc-server-in-api","encoding":"utf8","env":"local","level":"DEBUG","consoleLevel":"DEBUG","disableConsoleAfterReady":false,"outputJSON":false,"buffer":true,"appLogName":"cc-server-in-api-web.log","coreLogName":"egg-web.log","agentLogName":"egg-agent.log","errorLogName":"common-error.log","coreLogger":{"consoleLevel":"WARN"},"allowDebugAtProd":false,"type":"application"}
2025-06-13 10:39:51,008 INFO 50154 [egg-multipart] stream mode enable
2025-06-13 10:39:51,053 INFO 50154 [egg-static] starting static serve /public/ -> /Users/flashcat/JavaScript/eggjs1/app/public
2025-06-13 10:39:51,054 INFO 50154 [egg-security] use methodnoallow middleware
2025-06-13 10:39:51,055 INFO 50154 [egg-security] use noopen middleware
2025-06-13 10:39:51,055 INFO 50154 [egg-security] use nosniff middleware
2025-06-13 10:39:51,055 INFO 50154 [egg-security] use xssProtection middleware
2025-06-13 10:39:51,056 INFO 50154 [egg-security] use xframe middleware
2025-06-13 10:39:51,056 INFO 50154 [egg-security] use dta middleware
2025-06-13 10:39:51,056 INFO 50154 [egg-security] compose 6 middlewares into one security middleware
2025-06-13 10:39:51,062 INFO 50154 [egg:core] dump config after load, 2ms
2025-06-13 10:39:51,081 INFO 50154 [egg-watcher:application] watcher start success
2025-06-13 10:39:51,084 INFO 50154 [egg:core] dump config after ready, 2ms
2025-06-13 10:59:05,324 INFO 52163 [egg:logger] init all loggers with options: {"dir":"/Users/flashcat/JavaScript/eggjs1/logs/cc-server-in-api","encoding":"utf8","env":"local","level":"DEBUG","consoleLevel":"DEBUG","disableConsoleAfterReady":false,"outputJSON":false,"buffer":true,"appLogName":"cc-server-in-api-web.log","coreLogName":"egg-web.log","agentLogName":"egg-agent.log","errorLogName":"common-error.log","coreLogger":{"consoleLevel":"WARN"},"allowDebugAtProd":false,"type":"application"}
2025-06-13 10:59:05,344 INFO 52163 [egg-multipart] stream mode enable
2025-06-13 10:59:05,424 INFO 52163 [egg-static] starting static serve /public/ -> /Users/flashcat/JavaScript/eggjs1/app/public
2025-06-13 10:59:05,425 INFO 52163 [egg-security] use methodnoallow middleware
2025-06-13 10:59:05,426 INFO 52163 [egg-security] use noopen middleware
2025-06-13 10:59:05,426 INFO 52163 [egg-security] use nosniff middleware
2025-06-13 10:59:05,426 INFO 52163 [egg-security] use xssProtection middleware
2025-06-13 10:59:05,427 INFO 52163 [egg-security] use xframe middleware
2025-06-13 10:59:05,427 INFO 52163 [egg-security] use dta middleware
2025-06-13 10:59:05,427 INFO 52163 [egg-security] compose 6 middlewares into one security middleware
2025-06-13 10:59:05,436 INFO 52163 [egg:core] dump config after load, 4ms
2025-06-13 10:59:05,444 INFO 52163 [egg-watcher:application] watcher start success
2025-06-13 10:59:05,449 INFO 52163 [egg:core] dump config after ready, 3ms
2025-06-13 11:03:09,349 INFO 53002 [egg:logger] init all loggers with options: {"dir":"/Users/flashcat/JavaScript/eggjs1/logs/cc-server-in-api","encoding":"utf8","env":"local","level":"DEBUG","consoleLevel":"DEBUG","disableConsoleAfterReady":false,"outputJSON":false,"buffer":true,"appLogName":"cc-server-in-api-web.log","coreLogName":"egg-web.log","agentLogName":"egg-agent.log","errorLogName":"common-error.log","coreLogger":{"consoleLevel":"WARN"},"allowDebugAtProd":false,"type":"application"}
2025-06-13 11:03:09,373 INFO 53002 [egg-multipart] stream mode enable
2025-06-13 11:03:09,458 INFO 53002 [egg-static] starting static serve /public/ -> /Users/flashcat/JavaScript/eggjs1/app/public
2025-06-13 11:03:09,461 INFO 53002 [egg-security] use methodnoallow middleware
2025-06-13 11:03:09,462 INFO 53002 [egg-security] use noopen middleware
2025-06-13 11:03:09,462 INFO 53002 [egg-security] use nosniff middleware
2025-06-13 11:03:09,463 INFO 53002 [egg-security] use xssProtection middleware
2025-06-13 11:03:09,464 INFO 53002 [egg-security] use xframe middleware
2025-06-13 11:03:09,464 INFO 53002 [egg-security] use dta middleware
2025-06-13 11:03:09,464 INFO 53002 [egg-security] compose 6 middlewares into one security middleware
2025-06-13 11:03:09,475 INFO 53002 [egg:core] dump config after load, 4ms
2025-06-13 11:03:09,492 INFO 53002 [egg-watcher:application] watcher start success
2025-06-13 11:03:09,498 INFO 53002 [egg:core] dump config after ready, 4ms
2025-06-13 11:08:28,152 INFO 53149 [egg:logger] init all loggers with options: {"dir":"/Users/flashcat/JavaScript/eggjs1/logs/cc-server-in-api","encoding":"utf8","env":"local","level":"DEBUG","consoleLevel":"DEBUG","disableConsoleAfterReady":false,"outputJSON":false,"buffer":true,"appLogName":"cc-server-in-api-web.log","coreLogName":"egg-web.log","agentLogName":"egg-agent.log","errorLogName":"common-error.log","coreLogger":{"consoleLevel":"WARN"},"allowDebugAtProd":false,"type":"application"}
2025-06-13 11:08:28,197 INFO 53149 [egg-multipart] stream mode enable
2025-06-13 11:08:28,327 INFO 53149 [egg-static] starting static serve /public/ -> /Users/flashcat/JavaScript/eggjs1/app/public
2025-06-13 11:08:28,328 INFO 53149 [egg-security] use methodnoallow middleware
2025-06-13 11:08:28,329 INFO 53149 [egg-security] use noopen middleware
2025-06-13 11:08:28,330 INFO 53149 [egg-security] use nosniff middleware
2025-06-13 11:08:28,331 INFO 53149 [egg-security] use xssProtection middleware
2025-06-13 11:08:28,331 INFO 53149 [egg-security] use xframe middleware
2025-06-13 11:08:28,332 INFO 53149 [egg-security] use dta middleware
2025-06-13 11:08:28,332 INFO 53149 [egg-security] compose 6 middlewares into one security middleware
2025-06-13 11:08:28,343 INFO 53149 [egg:core] dump config after load, 5ms
2025-06-13 11:08:28,357 INFO 53149 [egg-watcher:application] watcher start success
2025-06-13 11:08:28,363 INFO 53149 [egg:core] dump config after ready, 3ms
2025-06-13 11:14:02,822 INFO 53321 [egg:logger] init all loggers with options: {"dir":"/Users/flashcat/JavaScript/eggjs1/logs/cc-server-in-api","encoding":"utf8","env":"local","level":"DEBUG","consoleLevel":"DEBUG","disableConsoleAfterReady":false,"outputJSON":false,"buffer":true,"appLogName":"cc-server-in-api-web.log","coreLogName":"egg-web.log","agentLogName":"egg-agent.log","errorLogName":"common-error.log","coreLogger":{"consoleLevel":"WARN"},"allowDebugAtProd":false,"type":"application"}
2025-06-13 11:14:02,845 INFO 53321 [egg-multipart] stream mode enable
2025-06-13 11:14:02,936 INFO 53321 [egg-static] starting static serve /public/ -> /Users/flashcat/JavaScript/eggjs1/app/public
2025-06-13 11:14:02,938 INFO 53321 [egg-security] use methodnoallow middleware
2025-06-13 11:14:02,939 INFO 53321 [egg-security] use noopen middleware
2025-06-13 11:14:02,940 INFO 53321 [egg-security] use nosniff middleware
2025-06-13 11:14:02,940 INFO 53321 [egg-security] use xssProtection middleware
2025-06-13 11:14:02,941 INFO 53321 [egg-security] use xframe middleware
2025-06-13 11:14:02,942 INFO 53321 [egg-security] use dta middleware
2025-06-13 11:14:02,942 INFO 53321 [egg-security] compose 6 middlewares into one security middleware
2025-06-13 11:14:02,952 INFO 53321 [egg:core] dump config after load, 4ms
2025-06-13 11:14:02,968 INFO 53321 [egg-watcher:application] watcher start success
2025-06-13 11:14:02,975 INFO 53321 [egg:core] dump config after ready, 4ms
2025-06-13 11:15:11,177 INFO 53419 [egg:logger] init all loggers with options: {"dir":"/Users/flashcat/JavaScript/eggjs1/logs/cc-server-in-api","encoding":"utf8","env":"local","level":"DEBUG","consoleLevel":"DEBUG","disableConsoleAfterReady":false,"outputJSON":false,"buffer":true,"appLogName":"cc-server-in-api-web.log","coreLogName":"egg-web.log","agentLogName":"egg-agent.log","errorLogName":"common-error.log","coreLogger":{"consoleLevel":"WARN"},"allowDebugAtProd":false,"type":"application"}
2025-06-13 11:15:11,202 INFO 53419 [egg-multipart] stream mode enable
2025-06-13 11:15:11,296 INFO 53419 [egg-static] starting static serve /public/ -> /Users/flashcat/JavaScript/eggjs1/app/public
2025-06-13 11:15:11,299 INFO 53419 [egg-security] use methodnoallow middleware
2025-06-13 11:15:11,300 INFO 53419 [egg-security] use noopen middleware
2025-06-13 11:15:11,301 INFO 53419 [egg-security] use nosniff middleware
2025-06-13 11:15:11,301 INFO 53419 [egg-security] use xssProtection middleware
2025-06-13 11:15:11,302 INFO 53419 [egg-security] use xframe middleware
2025-06-13 11:15:11,303 INFO 53419 [egg-security] use dta middleware
2025-06-13 11:15:11,303 INFO 53419 [egg-security] compose 6 middlewares into one security middleware
2025-06-13 11:15:11,314 INFO 53419 [egg:core] dump config after load, 5ms
2025-06-13 11:15:11,331 INFO 53419 [egg-watcher:application] watcher start success
2025-06-13 11:15:11,337 INFO 53419 [egg:core] dump config after ready, 4ms
2025-06-13 11:18:16,040 INFO 53503 [egg:logger] init all loggers with options: {"dir":"/Users/flashcat/JavaScript/eggjs1/logs/cc-server-in-api","encoding":"utf8","env":"local","level":"DEBUG","consoleLevel":"DEBUG","disableConsoleAfterReady":false,"outputJSON":false,"buffer":true,"appLogName":"cc-server-in-api-web.log","coreLogName":"egg-web.log","agentLogName":"egg-agent.log","errorLogName":"common-error.log","coreLogger":{"consoleLevel":"WARN"},"allowDebugAtProd":false,"type":"application"}
2025-06-13 11:18:16,066 INFO 53503 [egg-multipart] stream mode enable
2025-06-13 11:18:16,187 INFO 53503 [egg-static] starting static serve /public/ -> /Users/flashcat/JavaScript/eggjs1/app/public
2025-06-13 11:18:16,188 INFO 53503 [egg-security] use methodnoallow middleware
2025-06-13 11:18:16,189 INFO 53503 [egg-security] use noopen middleware
2025-06-13 11:18:16,190 INFO 53503 [egg-security] use nosniff middleware
2025-06-13 11:18:16,190 INFO 53503 [egg-security] use xssProtection middleware
2025-06-13 11:18:16,191 INFO 53503 [egg-security] use xframe middleware
2025-06-13 11:18:16,192 INFO 53503 [egg-security] use dta middleware
2025-06-13 11:18:16,192 INFO 53503 [egg-security] compose 6 middlewares into one security middleware
2025-06-13 11:18:16,201 INFO 53503 [egg:core] dump config after load, 4ms
2025-06-13 11:18:16,215 INFO 53503 [egg-watcher:application] watcher start success
2025-06-13 11:18:16,221 INFO 53503 [egg:core] dump config after ready, 3ms
2025-06-13 11:21:13,661 INFO 53676 [egg:logger] init all loggers with options: {"dir":"/Users/flashcat/JavaScript/eggjs1/logs/cc-server-in-api","encoding":"utf8","env":"local","level":"DEBUG","consoleLevel":"DEBUG","disableConsoleAfterReady":false,"outputJSON":false,"buffer":true,"appLogName":"cc-server-in-api-web.log","coreLogName":"egg-web.log","agentLogName":"egg-agent.log","errorLogName":"common-error.log","coreLogger":{"consoleLevel":"WARN"},"allowDebugAtProd":false,"type":"application"}
2025-06-13 11:21:13,685 INFO 53676 [egg-multipart] stream mode enable
2025-06-13 11:21:13,786 INFO 53676 [egg-static] starting static serve /public/ -> /Users/flashcat/JavaScript/eggjs1/app/public
2025-06-13 11:21:13,789 INFO 53676 [egg-security] use methodnoallow middleware
2025-06-13 11:21:13,789 INFO 53676 [egg-security] use noopen middleware
2025-06-13 11:21:13,790 INFO 53676 [egg-security] use nosniff middleware
2025-06-13 11:21:13,790 INFO 53676 [egg-security] use xssProtection middleware
2025-06-13 11:21:13,791 INFO 53676 [egg-security] use xframe middleware
2025-06-13 11:21:13,792 INFO 53676 [egg-security] use dta middleware
2025-06-13 11:21:13,792 INFO 53676 [egg-security] compose 6 middlewares into one security middleware
2025-06-13 11:21:13,802 INFO 53676 [egg:core] dump config after load, 4ms
2025-06-13 11:21:13,818 INFO 53676 [egg-watcher:application] watcher start success
2025-06-13 11:21:13,825 INFO 53676 [egg:core] dump config after ready, 4ms
